<?xml version="1.0" encoding="UTF-8"?>
<!-- Generated by org.testng.reporters.JUnitXMLReporter -->
<testsuite ignored="0" hostname="WIN10EN-CT5UJHL" failures="1" tests="6" name="Admin Tests" time="921.48" errors="0" timestamp="2022-07-05T22:35:36 SGT">
  <testcase classname="tests.Uninstall_Test" name="@AfterTest uninstallCWA" time="601.04">
    <failure type="java.lang.AssertionError" message="Uninstall failed expected [true] but found [false]">
      <![CDATA[java.lang.AssertionError: Uninstall failed expected [true] but found [false]
at tests.Uninstall_Test.uninstallCWA(Uninstall_Test.java:21)
... Removed 31 stack frames]]>
    </failure>
  </testcase> <!-- @AfterTest uninstallCWA -->
  <testcase classname="tests.AddStore_Test" name="addStore" time="4.706">
    <failure type="org.openqa.selenium.WebDriverException" message="An unknown error occurred in the remote end while processing the command. (WARNING: The server did not provide any stacktrace information)
Command duration or timeout: 0 milliseconds
Build info: version: &amp;apos;3.141.59&amp;apos;, revision: &amp;apos;e82be7d358&amp;apos;, time: &amp;apos;2018-11-14T08:17:03&amp;apos;
System info: host: &amp;apos;WIN10EN-CT5UJHL&amp;apos;, ip: &amp;apos;10.150.138.64&amp;apos;, os.name: &amp;apos;Windows 10&amp;apos;, os.arch: &amp;apos;amd64&amp;apos;, os.version: &amp;apos;10.0&amp;apos;, java.version: &amp;apos;17&amp;apos;
Driver info: io.appium.java_client.windows.WindowsDriver
Capabilities {app: C:\Program Files (x86)\Citr..., javascriptEnabled: true, platform: WIN10, platformName: Windows 10}
Session ID: B06B2815-5168-4055-B6FB-016C483AA39A">
      <![CDATA[org.openqa.selenium.WebDriverException: An unknown error occurred in the remote end while processing the command. (WARNING: The server did not provide any stacktrace information)
Command duration or timeout: 0 milliseconds
Build info: version: '3.141.59', revision: 'e82be7d358', time: '2018-11-14T08:17:03'
System info: host: 'WIN10EN-CT5UJHL', ip: '10.150.138.64', os.name: 'Windows 10', os.arch: 'amd64', os.version: '10.0', java.version: '17'
Driver info: io.appium.java_client.windows.WindowsDriver
Capabilities {app: C:\Program Files (x86)\Citr..., javascriptEnabled: true, platform: WIN10, platformName: Windows 10}
Session ID: B06B2815-5168-4055-B6FB-016C483AA39A
at org.openqa.selenium.remote.ErrorHandler.createThrowable(ErrorHandler.java:214)
at org.openqa.selenium.remote.ErrorHandler.throwIfResponseFailed(ErrorHandler.java:166)
at org.openqa.selenium.remote.http.JsonHttpResponseCodec.reconstructValue(JsonHttpResponseCodec.java:40)
at org.openqa.selenium.remote.http.AbstractHttpResponseCodec.decode(AbstractHttpResponseCodec.java:80)
at org.openqa.selenium.remote.http.AbstractHttpResponseCodec.decode(AbstractHttpResponseCodec.java:44)
at org.openqa.selenium.remote.HttpCommandExecutor.execute(HttpCommandExecutor.java:158)
at io.appium.java_client.remote.AppiumCommandExecutor.execute(AppiumCommandExecutor.java:247)
at org.openqa.selenium.remote.RemoteWebDriver.execute(RemoteWebDriver.java:552)
at io.appium.java_client.DefaultGenericMobileDriver.execute(DefaultGenericMobileDriver.java:41)
at io.appium.java_client.AppiumDriver.execute(AppiumDriver.java:1)
at io.appium.java_client.windows.WindowsDriver.execute(WindowsDriver.java:1)
at org.openqa.selenium.remote.RemoteWebElement.execute(RemoteWebElement.java:285)
at org.openqa.selenium.remote.RemoteWebElement.sendKeys(RemoteWebElement.java:106)
at pages.Add_Account_Page.enterStore(Add_Account_Page.java:26)
at tests.AddStore_Test.addStore(AddStore_Test.java:30)
at java.base/java.util.ArrayList.forEach(ArrayList.java:1511)
... Removed 36 stack frames]]>
    </failure>
  </testcase> <!-- addStore -->
  <testcase classname="tests.OnPrem_Login_Test" name="loginTest" time="0.0">
    <skipped/>
  </testcase> <!-- loginTest -->
  <testcase classname="tests.App_Desktop_Launch_Tests" name="launchDesktop" time="0.0">
    <skipped/>
  </testcase> <!-- launchDesktop -->
  <testcase classname="tests.App_Desktop_Launch_Tests" name="launchApp" time="0.0">
    <skipped/>
  </testcase> <!-- launchApp -->
  <testcase classname="tests.LogOff_Tests" name="logoffSessions" time="0.0">
    <skipped/>
  </testcase> <!-- logoffSessions -->
  <testcase classname="tests.LogOff_Tests" name="logoffCWAUser" time="0.0">
    <skipped/>
  </testcase> <!-- logoffCWAUser -->
</testsuite> <!-- Admin Tests -->
