<?xml version="1.0" encoding="UTF-8"?>
<testsuite xmlns:xsi="http://www.w3.org/2001/XMLSchema-instance" xsi:noNamespaceSchemaLocation="https://maven.apache.org/surefire/maven-surefire-plugin/xsd/surefire-test-report.xsd" name="TestSuite" time="2,298.68" tests="7" errors="0" skipped="6" failures="1">
  <properties>
[...]
</properties>
  <testcase name="setUp" classname="tests.AddStore_Test" time="809.691">
    <failure message="Connection refused: no further information&#10;Build info: version: &apos;3.141.59&apos;, revision: &apos;e82be7d358&apos;, time: &apos;2018-11-14T08:17:03&apos;&#10;System info: host: &apos;WIN10EN-CT5UJHL&apos;, ip: &apos;10.150.138.64&apos;, os.name: &apos;Windows 10&apos;, os.arch: &apos;amd64&apos;, os.version: &apos;10.0&apos;, java.version: &apos;17&apos;&#10;Driver info: driver.version: WindowsDriver" type="org.openqa.selenium.WebDriverException">org.openqa.selenium.WebDriverException: 
Connection refused: no further information
Build info: version: '3.141.59', revision: 'e82be7d358', time: '2018-11-14T08:17:03'
System info: host: 'WIN10EN-CT5UJHL', ip: '10.150.138.64', os.name: 'Windows 10', os.arch: 'amd64', os.version: '10.0', java.version: '17'
Driver info: driver.version: WindowsDriver
	at tests.AddStore_Test.setUp(AddStore_Test.java:21)
Caused by: java.net.ConnectException: Connection refused: no further information
	at tests.AddStore_Test.setUp(AddStore_Test.java:21)
</failure>
    <system-out><![CDATA[Branch => Receiver for Windows / master / ICAClientCore > Overview — TeamCity
Build Number => #3840
Build Number and Generated date => #3840 (24 Jun 22 04:07)
Downloading the build....
Downloading the build....
Downloading the build....
Downloading the build....
Downloading the build....
Downloading the build....
Downloading the build....
Downloading the build....
Downloading the build....
Downloading the build....
Downloading the build....
Downloading the build....
Downloading the build....
Downloading the build....
Downloading the build....
Downloading the build....
Downloading the build....
Downloading the build....
Downloading the build....
Successfully Downloaded the build
Installing the build....
Installing the build....
Installation passed
]]></system-out>
    <system-err><![CDATA[SLF4J: Failed to load class "org.slf4j.impl.StaticLoggerBinder".
SLF4J: Defaulting to no-operation (NOP) logger implementation
SLF4J: See http://www.slf4j.org/codes.html#StaticLoggerBinder for further details.
Starting ChromeDriver 102.0.5005.61 (0e59bcc00cc4985ce39ad31c150065f159d95ad3-refs/branch-heads/5005@{#819}) on port 13680
Only local connections are allowed.
Please see https://chromedriver.chromium.org/security-considerations for suggestions on keeping ChromeDriver safe.
ChromeDriver was started successfully.
Jun 25, 2022 4:07:39 PM org.openqa.selenium.remote.ProtocolHandshake createSession
INFO: Detected dialect: W3C
]]></system-err>
  </testcase>
  <testcase name="addStore" classname="tests.AddStore_Test" time="0">
    <skipped message="Connection refused: no further information&#10;Build info: version: &apos;3.141.59&apos;, revision: &apos;e82be7d358&apos;, time: &apos;2018-11-14T08:17:03&apos;&#10;System info: host: &apos;WIN10EN-CT5UJHL&apos;, ip: &apos;10.150.138.64&apos;, os.name: &apos;Windows 10&apos;, os.arch: &apos;amd64&apos;, os.version: &apos;10.0&apos;, java.version: &apos;17&apos;&#10;Driver info: driver.version: WindowsDriver"/>
  </testcase>
  <testcase name="loginTest" classname="tests.OnPrem_Login_Test" time="0">
    <skipped message="Method OnPrem_Login_Test.loginTest()[pri:0, instance:tests.OnPrem_Login_Test@670002] depends on not successfully finished methods in group &quot;add_Store&quot;"/>
  </testcase>
  <testcase name="launchDesktop" classname="tests.App_Desktop_Launch_Tests" time="0">
    <skipped message="Method App_Desktop_Launch_Tests.launchDesktop()[pri:0, instance:tests.App_Desktop_Launch_Tests@1f0f1111] depends on not successfully finished methods in group &quot;login_test&quot;"/>
  </testcase>
  <testcase name="logoffCWAUser" classname="tests.LogOff_Tests" time="0">
    <skipped message="Method LogOff_Tests.logoffCWAUser()[pri:0, instance:tests.LogOff_Tests@49c386c8] depends on not successfully finished methods in group &quot;login_test&quot;"/>
  </testcase>
  <testcase name="launchApp" classname="tests.App_Desktop_Launch_Tests" time="0">
    <skipped message="Method App_Desktop_Launch_Tests.launchApp()[pri:1, instance:tests.App_Desktop_Launch_Tests@1f0f1111] depends on not successfully finished methods in group &quot;login_test&quot;"/>
  </testcase>
  <testcase name="logoffSessions" classname="tests.LogOff_Tests" time="0">
    <skipped message="Method LogOff_Tests.logoffSessions()[pri:0, instance:tests.LogOff_Tests@49c386c8] depends on not successfully finished methods in group &quot;launch_test&quot;"/>
  </testcase>
</testsuite>