<?xml version="1.0" encoding="UTF-8"?>
<testsuite xmlns:xsi="http://www.w3.org/2001/XMLSchema-instance" xsi:noNamespaceSchemaLocation="https://maven.apache.org/surefire/maven-surefire-plugin/xsd/surefire-test-report.xsd" name="TestSuite" time="57.769" tests="11" errors="0" skipped="10" failures="1">
  <properties>
[...]
</properties>
  <testcase name="downloadCWABuild_setUp" classname="tests.BuildDownloadSetUp" time="57.42">
    <failure message="Cannot locate an element using xpath=//button[@title=&apos;Successful&apos;]&#10;For documentation on this error, please visit: https://www.seleniumhq.org/exceptions/no_such_element.html&#10;Build info: version: &apos;3.141.59&apos;, revision: &apos;e82be7d358&apos;, time: &apos;2018-11-14T08:17:03&apos;&#10;System info: host: &apos;WIN10EN-CT5UJHL&apos;, ip: &apos;10.150.138.64&apos;, os.name: &apos;Windows 10&apos;, os.arch: &apos;amd64&apos;, os.version: &apos;10.0&apos;, java.version: &apos;17&apos;&#10;Driver info: driver.version: RemoteWebDriver" type="org.openqa.selenium.NoSuchElementException">org.openqa.selenium.NoSuchElementException: 
Cannot locate an element using xpath=//button[@title='Successful']
For documentation on this error, please visit: https://www.seleniumhq.org/exceptions/no_such_element.html
Build info: version: '3.141.59', revision: 'e82be7d358', time: '2018-11-14T08:17:03'
System info: host: 'WIN10EN-CT5UJHL', ip: '10.150.138.64', os.name: 'Windows 10', os.arch: 'amd64', os.version: '10.0', java.version: '17'
Driver info: driver.version: RemoteWebDriver
	at tests.BuildDownloadSetUp.downloadCWABuild_setUp(BuildDownloadSetUp.java:45)
</failure>
    <system-out><![CDATA[Branch Info https://ftltc01.eng.citrite.net/viewType.html?buildTypeId=RfWin_22_ICAClientCore
Branch => Not found
]]></system-out>
    <system-err><![CDATA[SLF4J: Failed to load class "org.slf4j.impl.StaticLoggerBinder".
SLF4J: Defaulting to no-operation (NOP) logger implementation
SLF4J: See http://www.slf4j.org/codes.html#StaticLoggerBinder for further details.
Starting ChromeDriver 103.0.5060.53 (a1711811edd74ff1cf2150f36ffa3b0dae40b17f-refs/branch-heads/5060@{#853}) on port 37621
Only local connections are allowed.
Please see https://chromedriver.chromium.org/security-considerations for suggestions on keeping ChromeDriver safe.
ChromeDriver was started successfully.
Jul 05, 2022 8:59:55 PM org.openqa.selenium.remote.ProtocolHandshake createSession
INFO: Detected dialect: W3C
]]></system-err>
  </testcase>
  <testcase name="installation" classname="tests.Install_Test" time="0">
    <skipped/>
  </testcase>
  <testcase name="setUp" classname="tests.AddStore_Test" time="0">
    <skipped/>
  </testcase>
  <testcase name="addStore" classname="tests.AddStore_Test" time="0">
    <skipped message="Cannot locate an element using xpath=//button[@title=&apos;Successful&apos;]&#10;For documentation on this error, please visit: https://www.seleniumhq.org/exceptions/no_such_element.html&#10;Build info: version: &apos;3.141.59&apos;, revision: &apos;e82be7d358&apos;, time: &apos;2018-11-14T08:17:03&apos;&#10;System info: host: &apos;WIN10EN-CT5UJHL&apos;, ip: &apos;10.150.138.64&apos;, os.name: &apos;Windows 10&apos;, os.arch: &apos;amd64&apos;, os.version: &apos;10.0&apos;, java.version: &apos;17&apos;&#10;Driver info: driver.version: RemoteWebDriver"/>
  </testcase>
  <testcase name="loginTest" classname="tests.OnPrem_Login_Test" time="0">
    <skipped message="Method OnPrem_Login_Test.loginTest()[pri:0, instance:tests.OnPrem_Login_Test@1ed1993a] depends on not successfully finished methods in group &quot;add_Store&quot;"/>
  </testcase>
  <testcase name="launchDesktop" classname="tests.App_Desktop_Launch_Tests" time="0">
    <skipped message="Method App_Desktop_Launch_Tests.launchDesktop()[pri:0, instance:tests.App_Desktop_Launch_Tests@1f3f4916] depends on not successfully finished methods in group &quot;login_test&quot;"/>
  </testcase>
  <testcase name="launchApp" classname="tests.App_Desktop_Launch_Tests" time="0">
    <skipped message="Method App_Desktop_Launch_Tests.launchApp()[pri:1, instance:tests.App_Desktop_Launch_Tests@1f3f4916] depends on not successfully finished methods in group &quot;login_test&quot;"/>
  </testcase>
  <testcase name="logoffSessions" classname="tests.LogOff_Tests" time="0">
    <skipped message="Method LogOff_Tests.logoffSessions()[pri:0, instance:tests.LogOff_Tests@794cb805] depends on not successfully finished methods in group &quot;launch_test&quot;"/>
  </testcase>
  <testcase name="logoffCWAUser" classname="tests.LogOff_Tests" time="0">
    <skipped message="Method LogOff_Tests.logoffCWAUser()[pri:1, instance:tests.LogOff_Tests@794cb805] depends on not successfully finished methods in group &quot;login_test&quot;"/>
  </testcase>
  <testcase name="uninstallCWA" classname="tests.Uninstall_Test" time="0">
    <skipped/>
  </testcase>
  <testcase name="deleteCWABuild" classname="tests.DeleteBuild" time="0">
    <skipped/>
  </testcase>
</testsuite>